<?xml version="1.0" encoding="UTF-8"?>
<!-- Generated by org.testng.reporters.JUnitReportReporter -->
<testsuite hostname="Norgics-MacBook-Pro.local" failures="0" tests="2" name="page.testcases.TestLiveShoppingSection6" time="53.098" errors="0" timestamp="2023-02-06T00:28:05 PKT" skipped="0">
  <testcase classname="page.testcases.TestLiveShoppingSection6" name="test_sec6_togee_link" time="33.697"/>
  <system-out/>
  <testcase classname="page.testcases.TestLiveShoppingSection6" name="test_sec6_togee_txt" time="19.401"/>
  <system-out/>
</testsuite> <!-- page.testcases.TestLiveShoppingSection6 -->
