<?xml version="1.0" encoding="UTF-8"?>
<!-- Generated by org.testng.reporters.JUnitReportReporter -->
<testsuite hostname="Norgics-MacBook-Pro.local" failures="0" tests="2" name="page.testcases.TestHeaderSection" time="128.457" errors="0" timestamp="2023-01-16T20:26:32 PKT" skipped="0">
  <testcase classname="page.testcases.TestHeaderSection" name="test_title" time="59.818"/>
  <system-out/>
  <testcase classname="page.testcases.TestHeaderSection" name="test_logo" time="68.639"/>
  <system-out/>
</testsuite> <!-- page.testcases.TestHeaderSection -->
