<?xml version="1.0" encoding="UTF-8"?>
<!-- Generated by org.testng.reporters.JUnitReportReporter -->
<testsuite hostname="Norgics-MacBook-Pro.local" failures="0" tests="2" name="page.testcases.TestFooterSection" time="39.190" errors="0" timestamp="2023-01-16T20:15:31 PKT" skipped="0">
  <testcase classname="page.testcases.TestFooterSection" name="test_footer_backToTop_imgBtn" time="19.204"/>
  <system-out/>
  <testcase classname="page.testcases.TestFooterSection" name="test_footer_backToTop_txtBtn" time="19.986"/>
  <system-out/>
</testsuite> <!-- page.testcases.TestFooterSection -->
