<?xml version="1.0" encoding="UTF-8"?>
<!-- Generated by org.testng.reporters.JUnitReportReporter -->
<testsuite hostname="Norgics-MacBook-Pro.local" failures="0" tests="1" name="page.testcases.TestLiveShoppingSection1" time="30.259" errors="0" timestamp="2023-02-04T16:04:05 PKT" skipped="0">
  <testcase classname="page.testcases.TestLiveShoppingSection1" name="test_sec1_startButton" time="30.259"/>
  <system-out/>
</testsuite> <!-- page.testcases.TestLiveShoppingSection1 -->
