<?xml version="1.0" encoding="UTF-8"?>
<!-- Generated by org.testng.reporters.JUnitReportReporter -->
<testsuite hostname="Norgics-MacBook-Pro.local" failures="0" tests="5" name="page.testcases.VdotokHomePageTest" time="190.103" errors="0" timestamp="2023-01-11T19:34:58 PKT" skipped="0">
  <testcase classname="page.testcases.VdotokHomePageTest" name="test_footer_insta_btn" time="34.769"/>
  <system-out/>
  <testcase classname="page.testcases.VdotokHomePageTest" name="test_footer_linkedIn_img" time="27.137"/>
  <system-out/>
  <testcase classname="page.testcases.VdotokHomePageTest" name="test_footer_linkedIn_btn" time="35.341"/>
  <system-out/>
  <testcase classname="page.testcases.VdotokHomePageTest" name="test_footer_backToTop_imgBtn" time="60.496"/>
  <system-out/>
  <testcase classname="page.testcases.VdotokHomePageTest" name="test_footer_backToTop_txtBtn" time="32.360"/>
  <system-out/>
</testsuite> <!-- page.testcases.VdotokHomePageTest -->
