<?xml version="1.0" encoding="UTF-8"?>
<!-- Generated by org.testng.reporters.JUnitReportReporter -->
<testsuite hostname="Norgics-MacBook-Pro.local" failures="0" tests="10" name="page.testcases.TestUseCasesSection" time="139.905" errors="0" timestamp="2023-01-19T00:51:39 PKT" skipped="0">
  <testcase classname="page.testcases.TestUseCasesSection" name="test_liveShopping_option_txt" time="14.318"/>
  <system-out/>
  <testcase classname="page.testcases.TestUseCasesSection" name="test_liveShopping_option_icon" time="14.624"/>
  <system-out/>
  <testcase classname="page.testcases.TestUseCasesSection" name="test_healthtech_option_txt" time="13.487"/>
  <system-out/>
  <testcase classname="page.testcases.TestUseCasesSection" name="test_healthtech_option_icon" time="12.644"/>
  <system-out/>
  <testcase classname="page.testcases.TestUseCasesSection" name="test_social_option_txt" time="14.632"/>
  <system-out/>
  <testcase classname="page.testcases.TestUseCasesSection" name="test_social_option_icon" time="11.576"/>
  <system-out/>
  <testcase classname="page.testcases.TestUseCasesSection" name="test_edtech_option_txt" time="13.661"/>
  <system-out/>
  <testcase classname="page.testcases.TestUseCasesSection" name="test_edtech_option_icon" time="18.791"/>
  <system-out/>
  <testcase classname="page.testcases.TestUseCasesSection" name="test_bottom_text" time="12.723"/>
  <system-out/>
  <testcase classname="page.testcases.TestUseCasesSection" name="test_ContactUs_button" time="13.449"/>
  <system-out/>
</testsuite> <!-- page.testcases.TestUseCasesSection -->
