<?xml version="1.0" encoding="UTF-8"?>
<!-- Generated by org.testng.reporters.JUnitReportReporter -->
<testsuite hostname="Norgics-MacBook-Pro.local" failures="0" tests="1" name="page.testcases.TestSignInSection" time="18.901" errors="0" timestamp="2023-01-17T17:23:21 PKT" skipped="0">
  <testcase classname="page.testcases.TestSignInSection" name="test_vdotok_logo" time="18.901"/>
  <system-out/>
</testsuite> <!-- page.testcases.TestSignInSection -->
