<?xml version="1.0" encoding="UTF-8"?>
<!-- Generated by org.testng.reporters.JUnitReportReporter -->
<testsuite hostname="Norgics-MacBook-Pro.local" failures="0" tests="8" name="page.testcases.TestLiveShoppingSection3" time="144.367" errors="0" timestamp="2023-02-05T15:38:45 PKT" skipped="0">
  <testcase classname="page.testcases.TestLiveShoppingSection3" name="test_sec3_card1_icon" time="29.110"/>
  <system-out/>
  <testcase classname="page.testcases.TestLiveShoppingSection3" name="test_sec3_card1_txt" time="16.970"/>
  <system-out/>
  <testcase classname="page.testcases.TestLiveShoppingSection3" name="test_sec3_card2_icon" time="17.100"/>
  <system-out/>
  <testcase classname="page.testcases.TestLiveShoppingSection3" name="test_sec3_card2_txt" time="16.794"/>
  <system-out/>
  <testcase classname="page.testcases.TestLiveShoppingSection3" name="test_sec3_card3_icon" time="16.106"/>
  <system-out/>
  <testcase classname="page.testcases.TestLiveShoppingSection3" name="test_sec3_card3_txt" time="14.845"/>
  <system-out/>
  <testcase classname="page.testcases.TestLiveShoppingSection3" name="test_sec3_card4_icon" time="19.572"/>
  <system-out/>
  <testcase classname="page.testcases.TestLiveShoppingSection3" name="test_sec3_card4_txt" time="13.870"/>
  <system-out/>
</testsuite> <!-- page.testcases.TestLiveShoppingSection3 -->
