<?xml version="1.0" encoding="UTF-8"?>
<!-- Generated by org.testng.reporters.JUnitReportReporter -->
<testsuite hostname="Norgics-MacBook-Pro.local" failures="0" tests="2" name="page.testcases.TestSection4" time="59.187" errors="0" timestamp="2023-01-16T19:10:42 PKT" skipped="0">
  <testcase classname="page.testcases.TestSection4" name="test_sec4_txt" time="24.355"/>
  <system-out/>
  <testcase classname="page.testcases.TestSection4" name="test_sec4_img" time="34.832"/>
  <system-out/>
</testsuite> <!-- page.testcases.TestSection4 -->
