<?xml version="1.0" encoding="UTF-8"?>
<!-- Generated by org.testng.reporters.JUnitReportReporter -->
<testsuite hostname="Norgics-MacBook-Pro.local" failures="0" tests="1" name="page.testcases.TestLiveShoppingSection7" time="52.499" errors="0" timestamp="2023-02-06T00:54:34 PKT" skipped="0">
  <testcase classname="page.testcases.TestLiveShoppingSection7" name="test_sec7_try_button" time="52.499"/>
  <system-out/>
</testsuite> <!-- page.testcases.TestLiveShoppingSection7 -->
