<?xml version="1.0" encoding="UTF-8"?>
<!-- Generated by org.testng.reporters.JUnitReportReporter -->
<testsuite hostname="Norgics-MacBook-Pro.local" failures="0" tests="5" name="page.testcases.TestLiveShoppingSection4" time="460.102" errors="0" timestamp="2023-02-05T19:50:26 PKT" skipped="0">
  <testcase classname="page.testcases.TestLiveShoppingSection4" name="test_sec4_SS_button" time="60.353"/>
  <system-out/>
  <testcase classname="page.testcases.TestLiveShoppingSection4" name="test_sec4_MandM_button" time="38.694"/>
  <system-out/>
  <testcase classname="page.testcases.TestLiveShoppingSection4" name="test_sec4_EF_button" time="188.335"/>
  <system-out/>
  <testcase classname="page.testcases.TestLiveShoppingSection4" name="test_sec4_Mess_button" time="96.648"/>
  <system-out/>
  <testcase classname="page.testcases.TestLiveShoppingSection4" name="test_sec4_FS_button" time="76.072"/>
  <system-out/>
</testsuite> <!-- page.testcases.TestLiveShoppingSection4 -->
