<?xml version="1.0" encoding="UTF-8"?>
<!-- Generated by org.testng.reporters.JUnitReportReporter -->
<testsuite hostname="Norgics-MacBook-Pro.local" failures="0" tests="2" name="page.testcases.TestSection3" time="50.549" errors="0" timestamp="2023-01-31T12:58:42 PKT" skipped="0">
  <testcase classname="page.testcases.TestSection3" name="test_sec3_btn1" time="30.591"/>
  <system-out/>
  <testcase classname="page.testcases.TestSection3" name="test_sec3_img" time="19.958"/>
  <system-out/>
</testsuite> <!-- page.testcases.TestSection3 -->
