<?xml version="1.0" encoding="UTF-8"?>
<!-- Generated by org.testng.reporters.JUnitReportReporter -->
<testsuite hostname="Norgics-MacBook-Pro.local" failures="0" tests="1" name="page.testcases.TestLiveShoppingSection5" time="21.888" errors="0" timestamp="2023-02-05T22:59:57 PKT" skipped="0">
  <testcase classname="page.testcases.TestLiveShoppingSection5" name="test_sec5_card4_txt" time="21.888"/>
  <system-out/>
</testsuite> <!-- page.testcases.TestLiveShoppingSection5 -->
