<?xml version="1.0" encoding="UTF-8"?>
<!-- Generated by org.testng.reporters.JUnitReportReporter -->
<testsuite hostname="Norgics-MacBook-Pro.local" failures="0" tests="1" name="page.testcases.TestSection5" time="13.867" errors="0" timestamp="2023-01-16T19:22:17 PKT" skipped="0">
  <testcase classname="page.testcases.TestSection5" name="test_card1_toggle" time="13.867"/>
  <system-out/>
</testsuite> <!-- page.testcases.TestSection5 -->
