<?xml version="1.0" encoding="UTF-8"?>
<!-- Generated by org.testng.reporters.JUnitReportReporter -->
<testsuite hostname="Norgics-MacBook-Pro.local" failures="0" tests="1" name="page.testcases.TestSignInSection" time="56.682" errors="0" timestamp="2023-01-25T22:36:34 PKT" skipped="0">
  <testcase classname="page.testcases.TestSignInSection" name="test_login_button" time="56.682"/>
  <system-out/>
</testsuite> <!-- page.testcases.TestSignInSection -->
