<?xml version="1.0" encoding="UTF-8"?>
<!-- Generated by org.testng.reporters.JUnitReportReporter -->
<testsuite hostname="Norgics-MacBook-Pro.local" failures="0" tests="1" name="page.testcases.VdotokHomePageTest" time="25.466" errors="0" timestamp="2023-01-11T17:53:11 PKT" skipped="0">
  <testcase classname="page.testcases.VdotokHomePageTest" name="test_blog7_btn" time="25.466"/>
  <system-out/>
</testsuite> <!-- page.testcases.VdotokHomePageTest -->
