<?xml version="1.0" encoding="UTF-8"?>
<!-- Generated by org.testng.reporters.JUnitReportReporter -->
<testsuite hostname="Norgics-MacBook-Pro.local" failures="0" tests="1" name="page.testcases.TestLiveShoppingSection2" time="32.145" errors="0" timestamp="2023-02-05T03:30:47 PKT" skipped="0">
  <testcase classname="page.testcases.TestLiveShoppingSection2" name="test_sec2_bottom_txt" time="32.145"/>
  <system-out/>
</testsuite> <!-- page.testcases.TestLiveShoppingSection2 -->
