<?xml version="1.0" encoding="UTF-8"?>
<!-- Generated by org.testng.reporters.JUnitReportReporter -->
<testsuite hostname="Norgics-MacBook-Pro.local" failures="0" tests="3" name="page.testcases.TestDocsToolsSection" time="77.809" errors="0" timestamp="2023-01-19T13:29:21 PKT" skipped="0">
  <testcase classname="page.testcases.TestDocsToolsSection" name="test_card2_button" time="44.154"/>
  <system-out/>
  <testcase classname="page.testcases.TestDocsToolsSection" name="test_card3_button" time="18.949"/>
  <system-out/>
  <testcase classname="page.testcases.TestDocsToolsSection" name="test_bottom_card1_option2" time="14.706"/>
  <system-out/>
</testsuite> <!-- page.testcases.TestDocsToolsSection -->
