<?xml version="1.0" encoding="UTF-8"?>
<!-- Generated by org.testng.reporters.JUnitReportReporter -->
<testsuite hostname="Norgics-MacBook-Pro.local" failures="0" tests="12" name="page.testcases.TestSignInSection" time="195.381" errors="0" timestamp="2023-01-17T16:58:50 PKT" skipped="0">
  <testcase classname="page.testcases.TestSignInSection" name="test_vdotok_logo" time="15.653"/>
  <system-out/>
  <testcase classname="page.testcases.TestSignInSection" name="test_signIn_txt" time="10.911"/>
  <system-out/>
  <testcase classname="page.testcases.TestSignInSection" name="test_descriptive_txt" time="10.836"/>
  <system-out/>
  <testcase classname="page.testcases.TestSignInSection" name="test_email_field" time="11.288"/>
  <system-out/>
  <testcase classname="page.testcases.TestSignInSection" name="test_password_field" time="11.020"/>
  <system-out/>
  <testcase classname="page.testcases.TestSignInSection" name="test_password_type" time="11.891"/>
  <system-out/>
  <testcase classname="page.testcases.TestSignInSection" name="test_forgotPassword_option" time="13.166"/>
  <system-out/>
  <testcase classname="page.testcases.TestSignInSection" name="test_PasswordVisibility_icon" time="15.791"/>
  <system-out/>
  <testcase classname="page.testcases.TestSignInSection" name="verify_login_button" time="27.501"/>
  <system-out/>
  <testcase classname="page.testcases.TestSignInSection" name="test_bottom_txt" time="18.499"/>
  <system-out/>
  <testcase classname="page.testcases.TestSignInSection" name="test_signIn_option" time="23.703"/>
  <system-out/>
  <testcase classname="page.testcases.TestSignInSection" name="test_cross_icon" time="25.122"/>
  <system-out/>
</testsuite> <!-- page.testcases.TestSignInSection -->
